<?xml version="1.0" encoding="UTF-8"?>
<!-- Generated by org.testng.reporters.JUnitReportReporter -->
<testsuite hostname="K-Sabab-L1" name="CalculatorTest" tests="1" failures="0" timestamp="10 Oct 2016 05:46:14 GMT" time="12.965" errors="0">
  <testcase name="Sum" time="12.965" classname="CalculatorTest"/>
</testsuite> <!-- CalculatorTest -->
