<?xml version="1.0" encoding="UTF-8"?>
<!-- Generated by org.testng.reporters.JUnitReportReporter -->
<testsuite skipped="0" hostname="K-Sabab-L1" name="Gift.SendGift" tests="1" failures="0" timestamp="25 Oct 2016 07:13:50 GMT" time="6.559" errors="0">
  <testcase name="testMethod01_selectOptionCard" time="6.559" classname="Gift.SendGift"/>
</testsuite> <!-- Gift.SendGift -->
