<?xml version="1.0" encoding="UTF-8"?>
<!-- Generated by org.testng.reporters.JUnitReportReporter -->
<testsuite skipped="0" hostname="K-Sabab-L1" name="CatchNoification" tests="1" failures="0" timestamp="17 Oct 2016 06:17:26 GMT" time="5.547" errors="0">
  <testcase name="catchPushNotification" time="5.547" classname="CatchNoification"/>
</testsuite> <!-- CatchNoification -->
