<?xml version="1.0" encoding="UTF-8"?>
<!-- Generated by org.testng.reporters.JUnitReportReporter -->
<testsuite skipped="0" hostname="K-Sabab-L1" name="Wallet.Login" tests="1" failures="0" timestamp="25 Oct 2016 12:47:35 GMT" time="10.043" errors="0">
  <testcase name="testMethod01_login" time="10.043" classname="Wallet.Login"/>
</testsuite> <!-- Wallet.Login -->
