<?xml version="1.0" encoding="UTF-8"?>
<!-- Generated by org.testng.reporters.JUnitReportReporter -->
<testsuite skipped="0" hostname="K-Sabab-L1" name="Wallet.Login" tests="1" failures="0" timestamp="31 Oct 2016 09:26:09 GMT" time="10.134" errors="0">
  <testcase name="testMethod01_login" time="10.134" classname="Wallet.Login"/>
</testsuite> <!-- Wallet.Login -->
